<?xml version="1.0" encoding="UTF-8"?>
<!-- Generated by org.testng.reporters.JUnitReportReporter -->
<testsuite skipped="0" hostname="vnikolic" name="testcases.TC_001" tests="1" failures="0" timestamp="24 Jan 2019 11:33:59 GMT" time="9.074" errors="0">
  <testcase name="tcase1" time="9.074" classname="testcases.TC_001"/>
</testsuite> <!-- testcases.TC_001 -->
